# JRE version: Java(TM) SE Runtime Environment (17.0.4+11) (build 17.0.4+11-LTS-179)
# Java VM: Java HotSpot(TM) 64-Bit Server VM (17.0.4+11-LTS-179, mixed mode, sharing, tiered, compressed oops, compressed class ptrs, g1 gc, windows-amd64)
GC Precious Log:
 CPUs: 8 total, 8 available
 Memory: 7941M
 Large Page Support: Disabled
 NUMA Support: Disabled
 Compressed Oops: Enabled (32-bit)
 Heap Region Size: 1M
 Heap Min Capacity: 8M
 Heap Initial Capacity: 126M
 Heap Max Capacity: 1986M
 Pre-touch: Disabled
 Parallel Workers: 8
 Concurrent Workers: 2
 Concurrent Refinement Workers: 8
 Periodic GC: Disabled
Heap:
 garbage-first heap   total 70656K, used 32555K [0x0000000083e00000, 0x0000000100000000)
  region size 1024K, 5 young (5120K), 1 survivors (1024K)
 Metaspace       used 53682K, committed 54208K, reserved 1097728K
  class space    used 7044K, committed 7296K, reserved 1048576K
GC Heap History (20 events):
Event: 3.940 GC heap before
{Heap before GC invocations=7 (full 0):
 garbage-first heap   total 48128K, used 34557K [0x0000000083e00000, 0x0000000100000000)
  region size 1024K, 21 young (21504K), 3 survivors (3072K)
 Metaspace       used 31173K, committed 31552K, reserved 1081344K
  class space    used 4161K, committed 4352K, reserved 1048576K
}
Event: 3.950 GC heap after
{Heap after GC invocations=8 (full 0):
 garbage-first heap   total 58368K, used 17773K [0x0000000083e00000, 0x0000000100000000)
  region size 1024K, 2 young (2048K), 2 survivors (2048K)
 Metaspace       used 31173K, committed 31552K, reserved 1081344K
  class space    used 4161K, committed 4352K, reserved 1048576K
}
Event: 4.519 GC heap before
{Heap before GC invocations=8 (full 0):
 garbage-first heap   total 58368K, used 42349K [0x0000000083e00000, 0x0000000100000000)
  region size 1024K, 26 young (26624K), 2 survivors (2048K)
 Metaspace       used 34812K, committed 35136K, reserved 1081344K
  class space    used 4662K, committed 4800K, reserved 1048576K
}
Event: 4.527 GC heap after
{Heap after GC invocations=9 (full 0):
 garbage-first heap   total 58368K, used 19469K [0x0000000083e00000, 0x0000000100000000)
  region size 1024K, 4 young (4096K), 4 survivors (4096K)
 Metaspace       used 34812K, committed 35136K, reserved 1081344K
  class space    used 4662K, committed 4800K, reserved 1048576K
}
Event: 4.606 GC heap before
{Heap before GC invocations=9 (full 0):
 garbage-first heap   total 58368K, used 22541K [0x0000000083e00000, 0x0000000100000000)
  region size 1024K, 8 young (8192K), 4 survivors (4096K)
 Metaspace       used 35557K, committed 35968K, reserved 1081344K
  class space    used 4771K, committed 4992K, reserved 1048576K
}
Event: 4.614 GC heap after
{Heap after GC invocations=10 (full 0):
 garbage-first heap   total 58368K, used 19808K [0x0000000083e00000, 0x0000000100000000)
  region size 1024K, 3 young (3072K), 3 survivors (3072K)
 Metaspace       used 35557K, committed 35968K, reserved 1081344K
  class space    used 4771K, committed 4992K, reserved 1048576K
}
Event: 5.192 GC heap before
{Heap before GC invocations=11 (full 0):
 garbage-first heap   total 58368K, used 42336K [0x0000000083e00000, 0x0000000100000000)
  region size 1024K, 25 young (25600K), 3 survivors (3072K)
 Metaspace       used 38025K, committed 38400K, reserved 1089536K
  class space    used 5152K, committed 5312K, reserved 1048576K
}
Event: 5.200 GC heap after
{Heap after GC invocations=12 (full 0):
 garbage-first heap   total 58368K, used 21885K [0x0000000083e00000, 0x0000000100000000)
  region size 1024K, 3 young (3072K), 3 survivors (3072K)
 Metaspace       used 38025K, committed 38400K, reserved 1089536K
  class space    used 5152K, committed 5312K, reserved 1048576K
}
Event: 5.921 GC heap before
{Heap before GC invocations=12 (full 0):
 garbage-first heap   total 58368K, used 43389K [0x0000000083e00000, 0x0000000100000000)
  region size 1024K, 24 young (24576K), 3 survivors (3072K)
 Metaspace       used 43666K, committed 44032K, reserved 1089536K
  class space    used 5893K, committed 6080K, reserved 1048576K
}
Event: 5.931 GC heap after
{Heap after GC invocations=13 (full 0):
 garbage-first heap   total 58368K, used 25005K [0x0000000083e00000, 0x0000000100000000)
  region size 1024K, 3 young (3072K), 3 survivors (3072K)
 Metaspace       used 43666K, committed 44032K, reserved 1089536K
  class space    used 5893K, committed 6080K, reserved 1048576K
}
Event: 6.570 GC heap before
{Heap before GC invocations=13 (full 0):
 garbage-first heap   total 58368K, used 44461K [0x0000000083e00000, 0x0000000100000000)
  region size 1024K, 22 young (22528K), 3 survivors (3072K)
 Metaspace       used 47915K, committed 48384K, reserved 1097728K
  class space    used 6460K, committed 6656K, reserved 1048576K
}
Event: 6.575 GC heap after
{Heap after GC invocations=14 (full 0):
 garbage-first heap   total 70656K, used 27204K [0x0000000083e00000, 0x0000000100000000)
  region size 1024K, 2 young (2048K), 2 survivors (2048K)
 Metaspace       used 47915K, committed 48384K, reserved 1097728K
  class space    used 6460K, committed 6656K, reserved 1048576K
}
Event: 366.676 GC heap before
{Heap before GC invocations=14 (full 0):
 garbage-first heap   total 70656K, used 52804K [0x0000000083e00000, 0x0000000100000000)
  region size 1024K, 28 young (28672K), 2 survivors (2048K)
 Metaspace       used 52365K, committed 52800K, reserved 1097728K
  class space    used 7037K, committed 7232K, reserved 1048576K
}
Event: 366.786 GC heap after
{Heap after GC invocations=15 (full 0):
 garbage-first heap   total 70656K, used 28871K [0x0000000083e00000, 0x0000000100000000)
  region size 1024K, 4 young (4096K), 4 survivors (4096K)
 Metaspace       used 52365K, committed 52800K, reserved 1097728K
  class space    used 7037K, committed 7232K, reserved 1048576K
}
Event: 1388.199 GC heap before
{Heap before GC invocations=15 (full 0):
 garbage-first heap   total 70656K, used 53447K [0x0000000083e00000, 0x0000000100000000)
  region size 1024K, 28 young (28672K), 4 survivors (4096K)
 Metaspace       used 53027K, committed 53568K, reserved 1097728K
  class space    used 7042K, committed 7296K, reserved 1048576K
}
Event: 1388.333 GC heap after
{Heap after GC invocations=16 (full 0):
 garbage-first heap   total 70656K, used 29429K [0x0000000083e00000, 0x0000000100000000)
  region size 1024K, 3 young (3072K), 3 survivors (3072K)
 Metaspace       used 53027K, committed 53568K, reserved 1097728K
  class space    used 7042K, committed 7296K, reserved 1048576K
}
Event: 2590.084 GC heap before
{Heap before GC invocations=16 (full 0):
 garbage-first heap   total 70656K, used 55029K [0x0000000083e00000, 0x0000000100000000)
  region size 1024K, 28 young (28672K), 3 survivors (3072K)
 Metaspace       used 53323K, committed 53824K, reserved 1097728K
  class space    used 7042K, committed 7296K, reserved 1048576K
}
Event: 2590.194 GC heap after
{Heap after GC invocations=17 (full 0):
 garbage-first heap   total 70656K, used 29596K [0x0000000083e00000, 0x0000000100000000)
  region size 1024K, 1 young (1024K), 1 survivors (1024K)
 Metaspace       used 53323K, committed 53824K, reserved 1097728K
  class space    used 7042K, committed 7296K, reserved 1048576K
}
Event: 3896.726 GC heap before
{Heap before GC invocations=17 (full 0):
 garbage-first heap   total 70656K, used 56220K [0x0000000083e00000, 0x0000000100000000)
  region size 1024K, 27 young (27648K), 1 survivors (1024K)
 Metaspace       used 53650K, committed 54144K, reserved 1097728K
  class space    used 7044K, committed 7296K, reserved 1048576K
}
Event: 3896.821 GC heap after
{Heap after GC invocations=18 (full 0):
 garbage-first heap   total 70656K, used 29483K [0x0000000083e00000, 0x0000000100000000)
  region size 1024K, 1 young (1024K), 1 survivors (1024K)
 Metaspace       used 53650K, committed 54144K, reserved 1097728K
  class space    used 7044K, committed 7296K, reserved 1048576K
}

